<?xml version="1.0" encoding="UTF-8"?>
<testng-results ignored="0" total="1" passed="1" failed="0" skipped="0">
  <reporter-output>
  </reporter-output>
  <suite started-at="2022-11-29T17:24:31 IST" name="Default suite" finished-at="2022-11-29T17:24:49 IST" duration-ms="18550">
    <groups>
    </groups>
    <test started-at="2022-11-29T17:24:31 IST" name="Default test" finished-at="2022-11-29T17:24:49 IST" duration-ms="18550">
      <class name="com.testscenarios.TTDwebsite">
        <test-method is-config="true" signature="beforeClass()[pri:0, instance:com.testscenarios.TTDwebsite@449a4f23]" started-at="2022-11-29T17:24:31 IST" name="beforeClass" finished-at="2022-11-29T17:24:37 IST" duration-ms="6026" status="PASS">
          <reporter-output>
          </reporter-output>
        </test-method> <!-- beforeClass -->
        <test-method signature="f()[pri:0, instance:com.testscenarios.TTDwebsite@449a4f23]" started-at="2022-11-29T17:24:37 IST" name="f" finished-at="2022-11-29T17:24:49 IST" duration-ms="12401" status="PASS">
          <reporter-output>
          </reporter-output>
        </test-method> <!-- f -->
      </class> <!-- com.testscenarios.TTDwebsite -->
    </test> <!-- Default test -->
  </suite> <!-- Default suite -->
</testng-results>
